# JRE version: OpenJDK Runtime Environment Temurin-11.0.15+10 (11.0.15+10) (build 11.0.15+10)
# Java VM: OpenJDK 64-Bit Server VM Temurin-11.0.15+10 (11.0.15+10, mixed mode, tiered, compressed oops, g1 gc, windows-amd64)
Heap:
 garbage-first heap   total 258048K, used 12642K [0x0000000705200000, 0x0000000800000000)
  region size 1024K, 5 young (5120K), 5 survivors (5120K)
 Metaspace       used 27906K, capacity 28715K, committed 28848K, reserved 1087488K
  class space    used 3383K, capacity 3728K, committed 3840K, reserved 1048576K
GC Heap History (10 events):
Event: 0.725 GC heap before
{Heap before GC invocations=0 (full 0):
 garbage-first heap   total 258048K, used 22528K [0x0000000705200000, 0x0000000800000000)
  region size 1024K, 22 young (22528K), 0 survivors (0K)
 Metaspace       used 13677K, capacity 14067K, committed 14336K, reserved 1062912K
  class space    used 1406K, capacity 1520K, committed 1536K, reserved 1048576K
}
Event: 0.729 GC heap after
{Heap after GC invocations=1 (full 0):
 garbage-first heap   total 258048K, used 7721K [0x0000000705200000, 0x0000000800000000)
  region size 1024K, 3 young (3072K), 3 survivors (3072K)
 Metaspace       used 13677K, capacity 14067K, committed 14336K, reserved 1062912K
  class space    used 1406K, capacity 1520K, committed 1536K, reserved 1048576K
}
Event: 0.984 GC heap before
{Heap before GC invocations=1 (full 0):
 garbage-first heap   total 258048K, used 37417K [0x0000000705200000, 0x0000000800000000)
  region size 1024K, 32 young (32768K), 3 survivors (3072K)
 Metaspace       used 18309K, capacity 18860K, committed 18944K, reserved 1067008K
  class space    used 2046K, capacity 2261K, committed 2304K, reserved 1048576K
}
Event: 0.986 GC heap after
{Heap after GC invocations=2 (full 0):
 garbage-first heap   total 258048K, used 9435K [0x0000000705200000, 0x0000000800000000)
  region size 1024K, 2 young (2048K), 2 survivors (2048K)
 Metaspace       used 18309K, capacity 18860K, committed 18944K, reserved 1067008K
  class space    used 2046K, capacity 2261K, committed 2304K, reserved 1048576K
}
Event: 1.076 GC heap before
{Heap before GC invocations=2 (full 0):
 garbage-first heap   total 258048K, used 23771K [0x0000000705200000, 0x0000000800000000)
  region size 1024K, 17 young (17408K), 2 survivors (2048K)
 Metaspace       used 20560K, capacity 21119K, committed 21296K, reserved 1069056K
  class space    used 2339K, capacity 2570K, committed 2688K, reserved 1048576K
}
Event: 1.078 GC heap after
{Heap after GC invocations=3 (full 0):
 garbage-first heap   total 258048K, used 9915K [0x0000000705200000, 0x0000000800000000)
  region size 1024K, 2 young (2048K), 2 survivors (2048K)
 Metaspace       used 20560K, capacity 21119K, committed 21296K, reserved 1069056K
  class space    used 2339K, capacity 2570K, committed 2688K, reserved 1048576K
}
Event: 1.276 GC heap before
{Heap before GC invocations=4 (full 0):
 garbage-first heap   total 258048K, used 58043K [0x0000000705200000, 0x0000000800000000)
  region size 1024K, 49 young (50176K), 2 survivors (2048K)
 Metaspace       used 26023K, capacity 26847K, committed 27056K, reserved 1073152K
  class space    used 3178K, capacity 3500K, committed 3584K, reserved 1048576K
}
Event: 1.279 GC heap after
{Heap after GC invocations=5 (full 0):
 garbage-first heap   total 258048K, used 11962K [0x0000000705200000, 0x0000000800000000)
  region size 1024K, 4 young (4096K), 4 survivors (4096K)
 Metaspace       used 26023K, capacity 26847K, committed 27056K, reserved 1073152K
  class space    used 3178K, capacity 3500K, committed 3584K, reserved 1048576K
}
Event: 1.334 GC heap before
{Heap before GC invocations=5 (full 0):
 garbage-first heap   total 258048K, used 30394K [0x0000000705200000, 0x0000000800000000)
  region size 1024K, 23 young (23552K), 4 survivors (4096K)
 Metaspace       used 27906K, capacity 28715K, committed 28848K, reserved 1085440K
  class space    used 3383K, capacity 3728K, committed 3840K, reserved 1048576K
}
Event: 1.339 GC heap after
{Heap after GC invocations=6 (full 0):
 garbage-first heap   total 258048K, used 12642K [0x0000000705200000, 0x0000000800000000)
  region size 1024K, 5 young (5120K), 5 survivors (5120K)
 Metaspace       used 27906K, capacity 28715K, committed 28848K, reserved 1085440K
  class space    used 3383K, capacity 3728K, committed 3840K, reserved 1048576K
}

